<?xml version="1.0"?><unittest-results tests="3" failedtests="2" failures="2" time="0.400995"><test suite="DefaultSuite" name="testExecNoneTransBadParam" time="0.329192"><failure message="RunAllTests.cpp(22) : Expected 0 but was 1"/></test><test suite="DefaultSuite" name="testExecTransBadParam" time="0.071777"><failure message="RunAllTests.cpp(38) : Expected 0 but was 1"/></test><test suite="DefaultSuite" name="testPushListToDatabaseBadParam" time="2.4e-05"/></unittest-results>